Build started 04/04/2015 19:25:05.
     1>Project "D:\Development\electronic\project\libpng-1.6.16\projects\vstudio\libpng\libpng.vcxproj" on node 2 (Build target(s)).
     1>ClCompile:
         C:\Program Files (x86)\Microsoft Visual Studio 12.0\VC\bin\CL.exe /c /I"..\..\..\..\zlib-1.2.8" /Zi /nologo /W4 /WX /Ox /Oi /Oy- /GL /D WIN32 /D NDEBUG /D _WINDOWS /D _USRDLL /D _WINDLL /D _MBCS /GF /Gm- /EHsc /MD /GS /Gy /fp:precise /fp:except- /Zc:wchar_t- /Zc:forScope /Yc"pngpriv.h" /Fp"Release\libpng16.pch" /Fo"Release\\" /Fd"Release\vc120.pdb" /FR"Release\\" /Gd /TC /wd4996 /wd4127 /analyze- /errorReport:prompt ..\..\..\png.c
         png.c
         C:\Program Files (x86)\Microsoft Visual Studio 12.0\VC\bin\CL.exe /c /I"..\..\..\..\zlib-1.2.8" /Zi /nologo /W4 /WX /Ox /Oi /Oy- /GL /D WIN32 /D NDEBUG /D _WINDOWS /D _USRDLL /D _WINDLL /D _MBCS /GF /Gm- /EHsc /MD /GS /Gy /fp:precise /fp:except- /Zc:wchar_t- /Zc:forScope /Yu"pngpriv.h" /Fp"Release\libpng16.pch" /Fo"Release\\" /Fd"Release\vc120.pdb" /FR"Release\\" /Gd /TC /wd4996 /wd4127 /analyze- /errorReport:prompt ..\..\..\pngerror.c ..\..\..\pngget.c ..\..\..\pngmem.c ..\..\..\pngpread.c ..\..\..\pngread.c ..\..\..\pngrio.c ..\..\..\pngrtran.c ..\..\..\pngrutil.c ..\..\..\pngset.c ..\..\..\pngtrans.c ..\..\..\pngwio.c ..\..\..\pngwrite.c ..\..\..\pngwtran.c ..\..\..\pngwutil.c
         pngerror.c
         pngget.c
         pngmem.c
         pngpread.c
         pngread.c
         pngrio.c
         pngrtran.c
         pngrutil.c
         pngset.c
         pngtrans.c
         pngwio.c
         pngwrite.c
         pngwtran.c
         pngwutil.c
       ResourceCompile:
         C:\Program Files (x86)\Windows Kits\8.1\bin\x86\rc.exe /l"0x0409" /nologo /fo"Release\pngwin.res" ..\..\..\scripts\pngwin.rc 
       Link:
         C:\Program Files (x86)\Microsoft Visual Studio 12.0\VC\bin\link.exe /ERRORREPORT:PROMPT /OUT:"D:\Development\electronic\project\libpng-1.6.16\projects\vstudio\Release\libpng16.dll" /VERSION:"16" /INCREMENTAL:NO /NOLOGO /LIBPATH:"D:\Development\electronic\project\libpng-1.6.16\projects\vstudio\Release\\" zlib.lib /MANIFEST /MANIFESTUAC:"level='asInvoker' uiAccess='false'" /manifest:embed /DEBUG /PDB:"D:\Development\electronic\project\libpng-1.6.16\projects\vstudio\Release\libpng16.pdb" /SUBSYSTEM:WINDOWS /OPT:REF /OPT:ICF /LTCG /TLBID:1 /DYNAMICBASE /NXCOMPAT /IMPLIB:"D:\Development\electronic\project\libpng-1.6.16\projects\vstudio\Release\libpng16.lib" /MACHINE:X86 /SAFESEH /DLL Release\pngwin.res
         Release\png.obj
         Release\pngerror.obj
         Release\pngget.obj
         Release\pngmem.obj
         Release\pngpread.obj
         Release\pngread.obj
         Release\pngrio.obj
         Release\pngrtran.obj
         Release\pngrutil.obj
         Release\pngset.obj
         Release\pngtrans.obj
         Release\pngwio.obj
         Release\pngwrite.obj
         Release\pngwtran.obj
         Release\pngwutil.obj
            Creating library D:\Development\electronic\project\libpng-1.6.16\projects\vstudio\Release\libpng16.lib and object D:\Development\electronic\project\libpng-1.6.16\projects\vstudio\Release\libpng16.exp
         Generating code
         Finished generating code
         libpng.vcxproj -> D:\Development\electronic\project\libpng-1.6.16\projects\vstudio\Release\libpng16.dll
       BscMake:
         C:\Program Files (x86)\Microsoft Visual Studio 12.0\VC\bin\bscmake.exe /nologo /o"D:\Development\electronic\project\libpng-1.6.16\projects\vstudio\Release\libpng16.bsc" Release\png.sbr Release\pngerror.sbr Release\pngget.sbr Release\pngmem.sbr Release\pngpread.sbr Release\pngread.sbr Release\pngrio.sbr Release\pngrtran.sbr Release\pngrutil.sbr Release\pngset.sbr Release\pngtrans.sbr Release\pngwio.sbr Release\pngwrite.sbr Release\pngwtran.sbr Release\pngwutil.sbr
     1>Done Building Project "D:\Development\electronic\project\libpng-1.6.16\projects\vstudio\libpng\libpng.vcxproj" (Build target(s)).

Build succeeded.

Time Elapsed 00:00:04.23
