d:\development\electronic\project\arduinocamerastream\rawcamera-data-converter\rawcamera-data-converter\debug\vc120.pdb
d:\development\electronic\project\arduinocamerastream\rawcamera-data-converter\rawcamera-data-converter\debug\vc120.idb
d:\development\electronic\project\arduinocamerastream\rawcamera-data-converter\rawcamera-data-converter\debug\adaptive.obj
d:\development\electronic\project\arduinocamerastream\rawcamera-data-converter\rawcamera-data-converter\debug\bilinear.obj
d:\development\electronic\project\arduinocamerastream\rawcamera-data-converter\rawcamera-data-converter\debug\main.obj
d:\development\electronic\project\arduinocamerastream\rawcamera-data-converter\rawcamera-data-converter\debug\pixels.obj
d:\development\electronic\project\arduinocamerastream\rawcamera-data-converter\rawcamera-data-converter\debug\savepng.obj
d:\development\electronic\project\arduinocamerastream\rawcamera-data-converter\rawcamera-data-converter\debug\tables.obj
d:\development\electronic\project\arduinocamerastream\rawcamera-data-converter\rawcamera-data-converter\debug\yuv.obj
d:\development\electronic\project\arduinocamerastream\debug\rawcamera-data-converter.ilk
d:\development\electronic\project\arduinocamerastream\debug\rawcamera-data-converter.exe
d:\development\electronic\project\arduinocamerastream\debug\rawcamera-data-converter.pdb
d:\development\electronic\arduinocamerastream\rawcamera-data-converter\rawcamera-data-converter\debug\adaptive.obj
d:\development\electronic\arduinocamerastream\rawcamera-data-converter\rawcamera-data-converter\debug\bilinear.obj
d:\development\electronic\arduinocamerastream\rawcamera-data-converter\rawcamera-data-converter\debug\main.obj
d:\development\electronic\arduinocamerastream\rawcamera-data-converter\rawcamera-data-converter\debug\pixels.obj
d:\development\electronic\arduinocamerastream\rawcamera-data-converter\rawcamera-data-converter\debug\savepng.obj
d:\development\electronic\arduinocamerastream\rawcamera-data-converter\rawcamera-data-converter\debug\tables.obj
d:\development\electronic\arduinocamerastream\rawcamera-data-converter\rawcamera-data-converter\debug\yuv.obj
d:\development\electronic\arduinocamerastream\rawcamera-data-converter\rawcamera-data-converter\debug\vc120.idb
d:\development\electronic\arduinocamerastream\rawcamera-data-converter\rawcamera-data-converter\debug\vc120.pdb
d:\development\electronic\arduinocamerastream\rawcamera-data-converter\rawcamera-data-converter\debug\rawcamer.b111037d.tlog\cl.command.1.tlog
d:\development\electronic\arduinocamerastream\rawcamera-data-converter\rawcamera-data-converter\debug\rawcamer.b111037d.tlog\cl.read.1.tlog
d:\development\electronic\arduinocamerastream\rawcamera-data-converter\rawcamera-data-converter\debug\rawcamer.b111037d.tlog\cl.write.1.tlog
d:\development\electronic\arduinocamerastream\rawcamera-data-converter\rawcamera-data-converter\debug\rawcamer.b111037d.tlog\link.command.1.tlog
d:\development\electronic\arduinocamerastream\rawcamera-data-converter\rawcamera-data-converter\debug\rawcamer.b111037d.tlog\link.read.1.tlog
d:\development\electronic\arduinocamerastream\rawcamera-data-converter\rawcamera-data-converter\debug\rawcamer.b111037d.tlog\link.write.1.tlog
