Build started 04/04/2015 19:24:20.
     1>Project "D:\Development\electronic\project\libpng-1.6.16\projects\vstudio\libpng\libpng.vcxproj" on node 2 (Build target(s)).
     1>ClCompile:
         C:\Program Files (x86)\Microsoft Visual Studio 12.0\VC\bin\CL.exe /c /I"..\..\..\..\zlib-1.2.8" /Zi /nologo /W4 /WX /Od /Oi /Oy- /GL /D WIN32 /D _DEBUG /D _WINDOWS /D _USRDLL /D _WINDLL /D _MBCS /GF /Gm- /EHsc /RTC1 /MDd /GS /Gy /fp:precise /fp:except- /Zc:wchar_t- /Zc:forScope /Yc"pngpriv.h" /Fp"Debug\libpng16.pch" /Fo"Debug\\" /Fd"Debug\vc120.pdb" /FR"Debug\\" /Gd /TC /wd4996 /wd4127 /analyze- /errorReport:prompt ..\..\..\png.c
         png.c
         C:\Program Files (x86)\Microsoft Visual Studio 12.0\VC\bin\CL.exe /c /I"..\..\..\..\zlib-1.2.8" /Zi /nologo /W4 /WX /Od /Oi /Oy- /GL /D WIN32 /D _DEBUG /D _WINDOWS /D _USRDLL /D _WINDLL /D _MBCS /GF /Gm- /EHsc /RTC1 /MDd /GS /Gy /fp:precise /fp:except- /Zc:wchar_t- /Zc:forScope /Yu"pngpriv.h" /Fp"Debug\libpng16.pch" /Fo"Debug\\" /Fd"Debug\vc120.pdb" /FR"Debug\\" /Gd /TC /wd4996 /wd4127 /analyze- /errorReport:prompt ..\..\..\pngerror.c ..\..\..\pngget.c ..\..\..\pngmem.c ..\..\..\pngpread.c ..\..\..\pngread.c ..\..\..\pngrio.c ..\..\..\pngrtran.c ..\..\..\pngrutil.c ..\..\..\pngset.c ..\..\..\pngtrans.c ..\..\..\pngwio.c ..\..\..\pngwrite.c ..\..\..\pngwtran.c ..\..\..\pngwutil.c
         pngerror.c
         pngget.c
         pngmem.c
         pngpread.c
         pngread.c
         pngrio.c
         pngrtran.c
         pngrutil.c
         pngset.c
         pngtrans.c
         pngwio.c
         pngwrite.c
         pngwtran.c
         pngwutil.c
       ResourceCompile:
         C:\Program Files (x86)\Windows Kits\8.1\bin\x86\rc.exe /l"0x0409" /nologo /fo"Debug\pngwin.res" ..\..\..\scripts\pngwin.rc 
       Link:
         C:\Program Files (x86)\Microsoft Visual Studio 12.0\VC\bin\link.exe /ERRORREPORT:PROMPT /OUT:"D:\Development\electronic\project\libpng-1.6.16\projects\vstudio\Debug\libpng16.dll" /VERSION:"16" /INCREMENTAL:NO /NOLOGO /LIBPATH:"D:\Development\electronic\project\libpng-1.6.16\projects\vstudio\Debug\\" zlib.lib /MANIFEST /MANIFESTUAC:"level='asInvoker' uiAccess='false'" /manifest:embed /DEBUG /PDB:"D:\Development\electronic\project\libpng-1.6.16\projects\vstudio\Debug\libpng16.pdb" /SUBSYSTEM:WINDOWS /LTCG /TLBID:1 /DYNAMICBASE /NXCOMPAT /IMPLIB:"D:\Development\electronic\project\libpng-1.6.16\projects\vstudio\Debug\libpng16.lib" /MACHINE:X86 /SAFESEH /DLL Debug\pngwin.res
         Debug\png.obj
         Debug\pngerror.obj
         Debug\pngget.obj
         Debug\pngmem.obj
         Debug\pngpread.obj
         Debug\pngread.obj
         Debug\pngrio.obj
         Debug\pngrtran.obj
         Debug\pngrutil.obj
         Debug\pngset.obj
         Debug\pngtrans.obj
         Debug\pngwio.obj
         Debug\pngwrite.obj
         Debug\pngwtran.obj
         Debug\pngwutil.obj
            Creating library D:\Development\electronic\project\libpng-1.6.16\projects\vstudio\Debug\libpng16.lib and object D:\Development\electronic\project\libpng-1.6.16\projects\vstudio\Debug\libpng16.exp
         Generating code
         Finished generating code
         libpng.vcxproj -> D:\Development\electronic\project\libpng-1.6.16\projects\vstudio\Debug\libpng16.dll
       BscMake:
         C:\Program Files (x86)\Microsoft Visual Studio 12.0\VC\bin\bscmake.exe /nologo /o"D:\Development\electronic\project\libpng-1.6.16\projects\vstudio\Debug\libpng16.bsc" Debug\png.sbr Debug\pngerror.sbr Debug\pngget.sbr Debug\pngmem.sbr Debug\pngpread.sbr Debug\pngread.sbr Debug\pngrio.sbr Debug\pngrtran.sbr Debug\pngrutil.sbr Debug\pngset.sbr Debug\pngtrans.sbr Debug\pngwio.sbr Debug\pngwrite.sbr Debug\pngwtran.sbr Debug\pngwutil.sbr
     1>Done Building Project "D:\Development\electronic\project\libpng-1.6.16\projects\vstudio\libpng\libpng.vcxproj" (Build target(s)).

Build succeeded.

Time Elapsed 00:00:03.12
